[2020-10-06T18:26:52.081] [INFO] default - started new server
[2020-10-06T18:27:35.046] [INFO] default - started new server
[2020-10-06T18:29:00.720] [INFO] default - no cookie undefined
[2020-10-06T18:29:00.723] [INFO] default - received / request: GET /
[2020-10-06T18:29:00.877] [INFO] default - no cookie undefined
[2020-10-06T18:29:00.881] [INFO] default - no cookie undefined
[2020-10-06T18:29:00.891] [INFO] default - no cookie undefined
[2020-10-06T18:29:00.898] [INFO] default - no cookie undefined
[2020-10-06T18:29:00.899] [INFO] default - no cookie undefined
[2020-10-06T18:29:00.901] [INFO] default - no cookie undefined
[2020-10-06T18:29:00.902] [INFO] default - no cookie undefined
[2020-10-06T18:29:01.051] [INFO] default - no cookie undefined
[2020-10-06T18:29:01.053] [INFO] default - received * request: GET /favicon.ico
[2020-10-06T18:35:29.893] [INFO] default - no cookie undefined
[2020-10-06T18:35:29.894] [INFO] default - received / request: GET /sma
[2020-10-06T18:35:29.958] [INFO] default - no cookie undefined
[2020-10-06T18:35:29.960] [INFO] default - no cookie undefined
[2020-10-06T18:35:30.023] [INFO] default - no cookie undefined
[2020-10-06T18:35:30.024] [INFO] default - no cookie undefined
[2020-10-06T18:35:30.025] [INFO] default - no cookie undefined
[2020-10-06T18:35:30.026] [INFO] default - no cookie undefined
